(---------------------------------------------------------------------)
(                                                                     )
(    ARTWORK LOG                                                      )
(                                                                     )
(    Drawing          : CC120xEM_420_470.brd                          )
(    Software Version : 16.5S017                                      )
(    Date/Time        : Fri Jan 25 12:45:29 2013                      )
(                                                                     )
(---------------------------------------------------------------------)


 ---- Photoplot outline rectangle not found ... using drawing extents



Results from parameter file ...
    DEVICE-TYPE           GERBER_RS274X
    OUTPUT-UNITS          MM
    FILM-SIZE             2400000 1600000
    FORMAT                2.5
    ABORT-ON-ERROR        NO
    SCALE                 1
    SUPPRESS-LEAD-ZEROES  YES
    SUPPRESS-TRAIL-ZEROES NO
    SUPPRESS-EQUAL        YES
    UNDEF-APT-CONT        NO


================================================================
     PROCESSING FILM < outline >
     TO FILE < C:/DesignSync_WORKDIR/CC1200EM/Cadence_420_470/CC1200EM_420_470_ref_des_1_1_0/outline.art > ...
================================================================

  FILM PARAMETERS :
  ---------------------------------------------------------
  Undefined line width                0.0100
  Mirror code                         NONE
  Rotate angle                        NONE
  Offset x:                           0.0000
  Offset y:                           0.0000
  Plot negative                       NO
  Suppress unconnected internal pads  NO



  APERTURES USED:
  ---------------------------------------------------------
  TYPE       SIZE/NAME                   ROT   MIRROR MODE 
  ---------------------------------------------------------
  CIRCLE     0.01000                                  DARK 

     outline created.


================================================================
     PROCESSING FILM < drill >
     TO FILE < C:/DesignSync_WORKDIR/CC1200EM/Cadence_420_470/CC1200EM_420_470_ref_des_1_1_0/drill.art > ...
================================================================

  FILM PARAMETERS :
  ---------------------------------------------------------
  Undefined line width                0.0100
  Mirror code                         NONE
  Rotate angle                        NONE
  Offset x:                           0.0000
  Offset y:                           0.0000
  Plot negative                       NO
  Suppress unconnected internal pads  NO

    WARNING: 0 width line found at (-41.4000 63.2004)
           ... using undefined line width of 0.0100

    WARNING: Multiple 0 width lines; all will be treated the same as the first.
           ... using undefined line width of 0.0100

    WARNING: text composed 0 width line found at (-29.9827 79.8501)
           ... using undefined line width of 0.0100

    WARNING: text having Multiple 0 width lines; all will be treated the same as the first.
           ... using undefined line width of 0.0100



  APERTURES USED:
  ---------------------------------------------------------
  TYPE       SIZE/NAME                   ROT   MIRROR MODE 
  ---------------------------------------------------------
  CIRCLE     0.01000                                  DARK 

     drill created with warnings


================================================================
     PROCESSING FILM < assembly_top >
     TO FILE < C:/DesignSync_WORKDIR/CC1200EM/Cadence_420_470/CC1200EM_420_470_ref_des_1_1_0/assembly_top.art > ...
================================================================

  FILM PARAMETERS :
  ---------------------------------------------------------
  Undefined line width                0.0100
  Mirror code                         NONE
  Rotate angle                        NONE
  Offset x:                           0.0000
  Offset y:                           0.0000
  Plot negative                       NO
  Suppress unconnected internal pads  NO



  APERTURES USED:
  ---------------------------------------------------------
  TYPE       SIZE/NAME                   ROT   MIRROR MODE 
  ---------------------------------------------------------
  CIRCLE     0.00300                                  DARK 
  CIRCLE     0.01000                                  DARK 
  CIRCLE     0.03000                                  DARK 
  CIRCLE     0.05000                                  DARK 
  CIRCLE     0.10000                                  DARK 
  CIRCLE     0.15000                                  DARK 

     assembly_top created.


================================================================
     PROCESSING FILM < Layer4 >
     TO FILE < C:/DesignSync_WORKDIR/CC1200EM/Cadence_420_470/CC1200EM_420_470_ref_des_1_1_0/Layer4.art > ...
================================================================

  FILM PARAMETERS :
  ---------------------------------------------------------
  Undefined line width                0.0100
  Mirror code                         NONE
  Rotate angle                        NONE
  Offset x:                           0.0000
  Offset y:                           0.0000
  Plot negative                       NO
  Suppress unconnected internal pads  NO



  APERTURES USED:
  ---------------------------------------------------------
  TYPE       SIZE/NAME                   ROT   MIRROR MODE 
  ---------------------------------------------------------
  CIRCLE     0.10010                                  DARK 
  CIRCLE     0.20000                                  DARK 
  CIRCLE     0.50000                                  DARK 
  CIRCLE     0.80000                                  DARK 
  CIRCLE     1.27000                                  DARK 
  CIRCLE     1.90000                                  DARK 
  OBLONG     0.65000     x 2.05000      90.000 NO     DARK 

     Layer4 created.


================================================================
     PROCESSING FILM < Layer3 >
     TO FILE < C:/DesignSync_WORKDIR/CC1200EM/Cadence_420_470/CC1200EM_420_470_ref_des_1_1_0/Layer3.art > ...
================================================================

  FILM PARAMETERS :
  ---------------------------------------------------------
  Undefined line width                0.0100
  Mirror code                         NONE
  Rotate angle                        NONE
  Offset x:                           0.0000
  Offset y:                           0.0000
  Plot negative                       NO
  Suppress unconnected internal pads  NO



  APERTURES USED:
  ---------------------------------------------------------
  TYPE       SIZE/NAME                   ROT   MIRROR MODE 
  ---------------------------------------------------------
  CIRCLE     0.10010                                  DARK 
  CIRCLE     0.20000                                  DARK 
  CIRCLE     0.25000                                  DARK 
  CIRCLE     0.50000                                  DARK 
  CIRCLE     0.80000                                  DARK 
  CIRCLE     1.90000                                  DARK 

     Layer3 created.


================================================================
     PROCESSING FILM < Layer2 >
     TO FILE < C:/DesignSync_WORKDIR/CC1200EM/Cadence_420_470/CC1200EM_420_470_ref_des_1_1_0/Layer2.art > ...
================================================================

  FILM PARAMETERS :
  ---------------------------------------------------------
  Undefined line width                0.0100
  Mirror code                         NONE
  Rotate angle                        NONE
  Offset x:                           0.0000
  Offset y:                           0.0000
  Plot negative                       NO
  Suppress unconnected internal pads  NO



  APERTURES USED:
  ---------------------------------------------------------
  TYPE       SIZE/NAME                   ROT   MIRROR MODE 
  ---------------------------------------------------------
  CIRCLE     0.10010                                  DARK 
  CIRCLE     0.20000                                  DARK 
  CIRCLE     0.50000                                  DARK 
  CIRCLE     0.80000                                  DARK 
  CIRCLE     1.90000                                  DARK 

     Layer2 created.


================================================================
     PROCESSING FILM < Layer1 >
     TO FILE < C:/DesignSync_WORKDIR/CC1200EM/Cadence_420_470/CC1200EM_420_470_ref_des_1_1_0/Layer1.art > ...
================================================================

  FILM PARAMETERS :
  ---------------------------------------------------------
  Undefined line width                0.0100
  Mirror code                         NONE
  Rotate angle                        NONE
  Offset x:                           0.0000
  Offset y:                           0.0000
  Plot negative                       NO
  Suppress unconnected internal pads  NO



  APERTURES USED:
  ---------------------------------------------------------
  TYPE       SIZE/NAME                   ROT   MIRROR MODE 
  ---------------------------------------------------------
  CIRCLE     0.10010                                  DARK 
  CIRCLE     0.20000                                  DARK 
  CIRCLE     0.25000                                  DARK 
  CIRCLE     0.30000                                  DARK 
  CIRCLE     0.35000                                  DARK 
  CIRCLE     0.45000                                  DARK 
  CIRCLE     0.50000                                  DARK 
  CIRCLE     0.65000                                  DARK 
  CIRCLE     0.70000                                  DARK 
  CIRCLE     0.80000                                  DARK 
  CIRCLE     1.00000                                  DARK 
  CIRCLE     1.27000                                  DARK 
  CIRCLE     1.80010                                  DARK 
  CIRCLE     1.90000                                  DARK 
  SQUARE     0.70000                     0.000 NO     DARK 
  SQUARE     3.15000                     0.000 NO     DARK 
  OBLONG     0.54990     x 1.00000       0.000 NO     DARK 
  PAD SHAPE  SHAPE_600RECT650            0.000 NO     DARK 
  PAD SHAPE  SHAPE_800RECT1000           0.000 NO     DARK 
  PAD SHAPE  SHAPE_300RECT850            0.000 NO     DARK 
  PAD SHAPE  SHAPE_640RECT650            0.000 NO     DARK 
  PAD SHAPE  SHAPE_1300RECT1300          0.000 NO     DARK 
  PAD SHAPE  SHAPE_2000RECT2000          0.000 NO     DARK 
  PAD SHAPE  SHAPE_640RECT650           90.000 NO     DARK 
  PAD SHAPE  SHAPE_600RECT650           90.000 NO     DARK 
  PAD SHAPE  SHAPE_640RECT650          180.000 NO     DARK 
  PAD SHAPE  SHAPE_300RECT850          270.000 NO     DARK 
  PAD SHAPE  SHAPE_640RECT650          270.000 NO     DARK 
  PAD SHAPE  SHAPE_950RECT1000         270.000 NO     DARK 

     Layer1 created.


================================================================
     PROCESSING FILM < assembly_bottom >
     TO FILE < C:/DesignSync_WORKDIR/CC1200EM/Cadence_420_470/CC1200EM_420_470_ref_des_1_1_0/assembly_bottom.art > ...
================================================================

  FILM PARAMETERS :
  ---------------------------------------------------------
  Undefined line width                0.0100
  Mirror code                         NONE
  Rotate angle                        NONE
  Offset x:                           0.0000
  Offset y:                           0.0000
  Plot negative                       NO
  Suppress unconnected internal pads  NO



  APERTURES USED:
  ---------------------------------------------------------
  TYPE       SIZE/NAME                   ROT   MIRROR MODE 
  ---------------------------------------------------------
  CIRCLE     0.01000                                  DARK 
  CIRCLE     0.10000                                  DARK 

     assembly_bottom created.


================================================================
     PROCESSING FILM < silk_bottom >
     TO FILE < C:/DesignSync_WORKDIR/CC1200EM/Cadence_420_470/CC1200EM_420_470_ref_des_1_1_0/silk_bottom.art > ...
================================================================

  FILM PARAMETERS :
  ---------------------------------------------------------
  Undefined line width                0.0100
  Mirror code                         NONE
  Rotate angle                        NONE
  Offset x:                           0.0000
  Offset y:                           0.0000
  Plot negative                       NO
  Suppress unconnected internal pads  NO



  APERTURES USED:
  ---------------------------------------------------------
  TYPE       SIZE/NAME                   ROT   MIRROR MODE 
  ---------------------------------------------------------
  CIRCLE     0.01000                                  DARK 
  CIRCLE     0.10000                                  DARK 

     silk_bottom created.


================================================================
     PROCESSING FILM < silk_top >
     TO FILE < C:/DesignSync_WORKDIR/CC1200EM/Cadence_420_470/CC1200EM_420_470_ref_des_1_1_0/silk_top.art > ...
================================================================

  FILM PARAMETERS :
  ---------------------------------------------------------
  Undefined line width                0.0100
  Mirror code                         NONE
  Rotate angle                        NONE
  Offset x:                           0.0000
  Offset y:                           0.0000
  Plot negative                       NO
  Suppress unconnected internal pads  NO



  APERTURES USED:
  ---------------------------------------------------------
  TYPE       SIZE/NAME                   ROT   MIRROR MODE 
  ---------------------------------------------------------
  CIRCLE     0.00300                                  DARK 
  CIRCLE     0.01000                                  DARK 
  CIRCLE     0.03000                                  DARK 
  CIRCLE     0.05000                                  DARK 
  CIRCLE     0.10000                                  DARK 
  CIRCLE     0.15000                                  DARK 

     silk_top created.


================================================================
     PROCESSING FILM < soldmask_bottom >
     TO FILE < C:/DesignSync_WORKDIR/CC1200EM/Cadence_420_470/CC1200EM_420_470_ref_des_1_1_0/soldmask_bottom.art > ...
================================================================

  FILM PARAMETERS :
  ---------------------------------------------------------
  Undefined line width                0.0100
  Mirror code                         NONE
  Rotate angle                        NONE
  Offset x:                           0.0000
  Offset y:                           0.0000
  Plot negative                       NO
  Suppress unconnected internal pads  NO



  APERTURES USED:
  ---------------------------------------------------------
  TYPE       SIZE/NAME                   ROT   MIRROR MODE 
  ---------------------------------------------------------
  CIRCLE     0.01000                                  DARK 
  CIRCLE     0.65000                                  DARK 
  CIRCLE     0.85000                                  DARK 
  CIRCLE     1.42010                                  DARK 
  CIRCLE     1.70000                                  DARK 
  CIRCLE     2.05000                                  DARK 
  OBLONG     0.80010     x 2.19990      90.000 NO     DARK 

     soldmask_bottom created.


================================================================
     PROCESSING FILM < soldmask_top >
     TO FILE < C:/DesignSync_WORKDIR/CC1200EM/Cadence_420_470/CC1200EM_420_470_ref_des_1_1_0/soldmask_top.art > ...
================================================================

  FILM PARAMETERS :
  ---------------------------------------------------------
  Undefined line width                0.0100
  Mirror code                         NONE
  Rotate angle                        NONE
  Offset x:                           0.0000
  Offset y:                           0.0000
  Plot negative                       NO
  Suppress unconnected internal pads  NO



  APERTURES USED:
  ---------------------------------------------------------
  TYPE       SIZE/NAME                   ROT   MIRROR MODE 
  ---------------------------------------------------------
  CIRCLE     0.01000                                  DARK 
  CIRCLE     1.42010                                  DARK 
  CIRCLE     1.70000                                  DARK 
  CIRCLE     1.95000                                  DARK 
  CIRCLE     2.05000                                  DARK 
  SQUARE     0.85000                     0.000 NO     DARK 
  SQUARE     3.30000                     0.000 NO     DARK 
  OBLONG     0.70000     x 1.15010       0.000 NO     DARK 
  PAD SHAPE  SHAPE_740RECT750            0.000 NO     DARK 
  PAD SHAPE  SHAPE_750RECT800            0.000 NO     DARK 
  PAD SHAPE  SHAPE_1450RECT1450          0.000 NO     DARK 
  PAD SHAPE  SHAPE_950RECT1150           0.000 NO     DARK 
  PAD SHAPE  SHAPE_400RECT950            0.000 NO     DARK 
  PAD SHAPE  SHAPE_2150RECT2150          0.000 NO     DARK 
  PAD SHAPE  SHAPE_740RECT750           90.000 NO     DARK 
  PAD SHAPE  SHAPE_750RECT800           90.000 NO     DARK 
  PAD SHAPE  SHAPE_740RECT750          180.000 NO     DARK 
  PAD SHAPE  SHAPE_1100RECT1150        270.000 NO     DARK 
  PAD SHAPE  SHAPE_740RECT750          270.000 NO     DARK 
  PAD SHAPE  SHAPE_400RECT950          270.000 NO     DARK 

     soldmask_top created.


================================================================
     PROCESSING FILM < paste_bottom >
     TO FILE < C:/DesignSync_WORKDIR/CC1200EM/Cadence_420_470/CC1200EM_420_470_ref_des_1_1_0/paste_bottom.art > ...
================================================================

  FILM PARAMETERS :
  ---------------------------------------------------------
  Undefined line width                0.0100
  Mirror code                         NONE
  Rotate angle                        NONE
  Offset x:                           0.0000
  Offset y:                           0.0000
  Plot negative                       NO
  Suppress unconnected internal pads  NO



  APERTURES USED:
  ---------------------------------------------------------
  TYPE       SIZE/NAME                   ROT   MIRROR MODE 
  ---------------------------------------------------------
  CIRCLE     0.01000                                  DARK 
  CIRCLE     1.27000                                  DARK 
  OBLONG     0.65000     x 2.05000      90.000 NO     DARK 

     paste_bottom created.


================================================================
     PROCESSING FILM < paste_top >
     TO FILE < C:/DesignSync_WORKDIR/CC1200EM/Cadence_420_470/CC1200EM_420_470_ref_des_1_1_0/paste_top.art > ...
================================================================

  FILM PARAMETERS :
  ---------------------------------------------------------
  Undefined line width                0.0100
  Mirror code                         NONE
  Rotate angle                        NONE
  Offset x:                           0.0000
  Offset y:                           0.0000
  Plot negative                       NO
  Suppress unconnected internal pads  NO



  APERTURES USED:
  ---------------------------------------------------------
  TYPE       SIZE/NAME                   ROT   MIRROR MODE 
  ---------------------------------------------------------
  CIRCLE     0.01000                                  DARK 
  CIRCLE     1.27000                                  DARK 
  CIRCLE     1.80010                                  DARK 
  SQUARE     3.15000                     0.000 NO     DARK 
  OBLONG     0.54990     x 1.00000       0.000 NO     DARK 
  PAD SHAPE  SHAPE_640RECT650            0.000 NO     DARK 
  PAD SHAPE  SHAPE_300RECT850            0.000 NO     DARK 
  PAD SHAPE  SHAPE_800RECT1000           0.000 NO     DARK 
  PAD SHAPE  SHAPE_600RECT650            0.000 NO     DARK 
  PAD SHAPE  SHAPE_1300RECT1300          0.000 NO     DARK 
  PAD SHAPE  SHAPE_2000RECT2000          0.000 NO     DARK 
  PAD SHAPE  SHAPE_600RECT650           90.000 NO     DARK 
  PAD SHAPE  SHAPE_640RECT650           90.000 NO     DARK 
  PAD SHAPE  SHAPE_640RECT650          180.000 NO     DARK 
  PAD SHAPE  SHAPE_300RECT850          270.000 NO     DARK 
  PAD SHAPE  SHAPE_640RECT650          270.000 NO     DARK 
  PAD SHAPE  SHAPE_950RECT1000         270.000 NO     DARK 

     paste_top created.


------------------------------------------------------
 SUMMARY:
        outline created.
        drill created with warnings
        assembly_top created.
        Layer4 created.
        Layer3 created.
        Layer2 created.
        Layer1 created.
        assembly_bottom created.
        silk_bottom created.
        silk_top created.
        soldmask_bottom created.
        soldmask_top created.
        paste_bottom created.
        paste_top created.

 ARTWORK finished
